
demo.elf:     file format elf32-avr

Sections:
Idx Name          Size      VMA       LMA       File off  Algn
  0 .data         00000000  00800100  000000b2  00000126  2**0
                  CONTENTS, ALLOC, LOAD, DATA
  1 .text         000000b2  00000000  00000000  00000074  2**1
                  CONTENTS, ALLOC, LOAD, READONLY, CODE
  2 .stab         00000804  00000000  00000000  00000128  2**2
                  CONTENTS, READONLY, DEBUGGING
  3 .stabstr      00000d02  00000000  00000000  0000092c  2**0
                  CONTENTS, READONLY, DEBUGGING
  4 .comment      00000011  00000000  00000000  0000162e  2**0
                  CONTENTS, READONLY
  5 .note.gnu.avr.deviceinfo 00000040  00000000  00000000  00001640  2**2
                  CONTENTS, READONLY
  6 .debug_info   000005f4  00000000  00000000  00001680  2**0
                  CONTENTS, READONLY, DEBUGGING
  7 .debug_abbrev 000005a2  00000000  00000000  00001c74  2**0
                  CONTENTS, READONLY, DEBUGGING
  8 .debug_line   0000001a  00000000  00000000  00002216  2**0
                  CONTENTS, READONLY, DEBUGGING
  9 .debug_str    00000208  00000000  00000000  00002230  2**0
                  CONTENTS, READONLY, DEBUGGING

Disassembly of section .text:

00000000 <__vectors>:
   0:	0c 94 34 00 	jmp	0x68	; 0x68 <__ctors_end>
   4:	0c 94 3e 00 	jmp	0x7c	; 0x7c <__bad_interrupt>
   8:	0c 94 3e 00 	jmp	0x7c	; 0x7c <__bad_interrupt>
   c:	0c 94 3e 00 	jmp	0x7c	; 0x7c <__bad_interrupt>
  10:	0c 94 3e 00 	jmp	0x7c	; 0x7c <__bad_interrupt>
  14:	0c 94 3e 00 	jmp	0x7c	; 0x7c <__bad_interrupt>
  18:	0c 94 3e 00 	jmp	0x7c	; 0x7c <__bad_interrupt>
  1c:	0c 94 3e 00 	jmp	0x7c	; 0x7c <__bad_interrupt>
  20:	0c 94 3e 00 	jmp	0x7c	; 0x7c <__bad_interrupt>
  24:	0c 94 3e 00 	jmp	0x7c	; 0x7c <__bad_interrupt>
  28:	0c 94 3e 00 	jmp	0x7c	; 0x7c <__bad_interrupt>
  2c:	0c 94 3e 00 	jmp	0x7c	; 0x7c <__bad_interrupt>
  30:	0c 94 3e 00 	jmp	0x7c	; 0x7c <__bad_interrupt>
  34:	0c 94 3e 00 	jmp	0x7c	; 0x7c <__bad_interrupt>
  38:	0c 94 3e 00 	jmp	0x7c	; 0x7c <__bad_interrupt>
  3c:	0c 94 3e 00 	jmp	0x7c	; 0x7c <__bad_interrupt>
  40:	0c 94 3e 00 	jmp	0x7c	; 0x7c <__bad_interrupt>
  44:	0c 94 3e 00 	jmp	0x7c	; 0x7c <__bad_interrupt>
  48:	0c 94 3e 00 	jmp	0x7c	; 0x7c <__bad_interrupt>
  4c:	0c 94 3e 00 	jmp	0x7c	; 0x7c <__bad_interrupt>
  50:	0c 94 3e 00 	jmp	0x7c	; 0x7c <__bad_interrupt>
  54:	0c 94 3e 00 	jmp	0x7c	; 0x7c <__bad_interrupt>
  58:	0c 94 3e 00 	jmp	0x7c	; 0x7c <__bad_interrupt>
  5c:	0c 94 3e 00 	jmp	0x7c	; 0x7c <__bad_interrupt>
  60:	0c 94 3e 00 	jmp	0x7c	; 0x7c <__bad_interrupt>
  64:	0c 94 3e 00 	jmp	0x7c	; 0x7c <__bad_interrupt>

00000068 <__ctors_end>:
  68:	11 24       	eor	r1, r1
  6a:	1f be       	out	0x3f, r1	; 63
  6c:	cf ef       	ldi	r28, 0xFF	; 255
  6e:	d8 e0       	ldi	r29, 0x08	; 8
  70:	de bf       	out	0x3e, r29	; 62
  72:	cd bf       	out	0x3d, r28	; 61
  74:	0e 94 40 00 	call	0x80	; 0x80 <main>
  78:	0c 94 57 00 	jmp	0xae	; 0xae <_exit>

0000007c <__bad_interrupt>:
  7c:	0c 94 00 00 	jmp	0	; 0x0 <__vectors>

00000080 <main>:
  80:	25 9a       	sbi	0x04, 5	; 4
  82:	2d 9a       	sbi	0x05, 5	; 5
  84:	50 9a       	sbi	0x0a, 0	; 10
  86:	58 9a       	sbi	0x0b, 0	; 11
  88:	53 9a       	sbi	0x0a, 3	; 10
  8a:	5b 9a       	sbi	0x0b, 3	; 11
  8c:	2f ef       	ldi	r18, 0xFF	; 255
  8e:	83 ed       	ldi	r24, 0xD3	; 211
  90:	90 e3       	ldi	r25, 0x30	; 48
  92:	21 50       	subi	r18, 0x01	; 1
  94:	80 40       	sbci	r24, 0x00	; 0
  96:	90 40       	sbci	r25, 0x00	; 0
  98:	e1 f7       	brne	.-8      	; 0x92 <main+0x12>
  9a:	00 c0       	rjmp	.+0      	; 0x9c <main+0x1c>
  9c:	00 00       	nop
  9e:	5b 98       	cbi	0x0b, 3	; 11
  a0:	51 9a       	sbi	0x0a, 1	; 10
  a2:	50 98       	cbi	0x0a, 0	; 10
  a4:	59 9a       	sbi	0x0b, 1	; 11
  a6:	58 9a       	sbi	0x0b, 0	; 11
  a8:	90 e0       	ldi	r25, 0x00	; 0
  aa:	80 e0       	ldi	r24, 0x00	; 0
  ac:	08 95       	ret

000000ae <_exit>:
  ae:	f8 94       	cli

000000b0 <__stop_program>:
  b0:	ff cf       	rjmp	.-2      	; 0xb0 <__stop_program>
