
demo.elf:     file format elf32-avr

Sections:
Idx Name          Size      VMA       LMA       File off  Algn
  0 .data         00000000  00800100  000003ea  0000047e  2**0
                  CONTENTS, ALLOC, LOAD, DATA
  1 .text         000003ea  00000000  00000000  00000094  2**1
                  CONTENTS, ALLOC, LOAD, READONLY, CODE
  2 .bss          00000021  00800100  00800100  0000047e  2**0
                  ALLOC
  3 .stab         00001308  00000000  00000000  00000480  2**2
                  CONTENTS, READONLY, DEBUGGING
  4 .stabstr      00000fdd  00000000  00000000  00001788  2**0
                  CONTENTS, READONLY, DEBUGGING
  5 .comment      00000011  00000000  00000000  00002765  2**0
                  CONTENTS, READONLY
  6 .note.gnu.avr.deviceinfo 00000040  00000000  00000000  00002778  2**2
                  CONTENTS, READONLY
  7 .debug_info   000005f4  00000000  00000000  000027b8  2**0
                  CONTENTS, READONLY, DEBUGGING
  8 .debug_abbrev 000005a2  00000000  00000000  00002dac  2**0
                  CONTENTS, READONLY, DEBUGGING
  9 .debug_line   0000001a  00000000  00000000  0000334e  2**0
                  CONTENTS, READONLY, DEBUGGING
 10 .debug_str    00000208  00000000  00000000  00003368  2**0
                  CONTENTS, READONLY, DEBUGGING

Disassembly of section .text:

00000000 <__vectors>:
   0:	0c 94 34 00 	jmp	0x68	; 0x68 <__ctors_end>
   4:	0c 94 46 00 	jmp	0x8c	; 0x8c <__bad_interrupt>
   8:	0c 94 46 00 	jmp	0x8c	; 0x8c <__bad_interrupt>
   c:	0c 94 46 00 	jmp	0x8c	; 0x8c <__bad_interrupt>
  10:	0c 94 46 00 	jmp	0x8c	; 0x8c <__bad_interrupt>
  14:	0c 94 46 00 	jmp	0x8c	; 0x8c <__bad_interrupt>
  18:	0c 94 46 00 	jmp	0x8c	; 0x8c <__bad_interrupt>
  1c:	0c 94 46 00 	jmp	0x8c	; 0x8c <__bad_interrupt>
  20:	0c 94 46 00 	jmp	0x8c	; 0x8c <__bad_interrupt>
  24:	0c 94 46 00 	jmp	0x8c	; 0x8c <__bad_interrupt>
  28:	0c 94 46 00 	jmp	0x8c	; 0x8c <__bad_interrupt>
  2c:	0c 94 46 00 	jmp	0x8c	; 0x8c <__bad_interrupt>
  30:	0c 94 46 00 	jmp	0x8c	; 0x8c <__bad_interrupt>
  34:	0c 94 46 00 	jmp	0x8c	; 0x8c <__bad_interrupt>
  38:	0c 94 19 01 	jmp	0x232	; 0x232 <__vector_14>
  3c:	0c 94 46 00 	jmp	0x8c	; 0x8c <__bad_interrupt>
  40:	0c 94 46 00 	jmp	0x8c	; 0x8c <__bad_interrupt>
  44:	0c 94 46 00 	jmp	0x8c	; 0x8c <__bad_interrupt>
  48:	0c 94 46 00 	jmp	0x8c	; 0x8c <__bad_interrupt>
  4c:	0c 94 46 00 	jmp	0x8c	; 0x8c <__bad_interrupt>
  50:	0c 94 46 00 	jmp	0x8c	; 0x8c <__bad_interrupt>
  54:	0c 94 46 00 	jmp	0x8c	; 0x8c <__bad_interrupt>
  58:	0c 94 46 00 	jmp	0x8c	; 0x8c <__bad_interrupt>
  5c:	0c 94 46 00 	jmp	0x8c	; 0x8c <__bad_interrupt>
  60:	0c 94 46 00 	jmp	0x8c	; 0x8c <__bad_interrupt>
  64:	0c 94 46 00 	jmp	0x8c	; 0x8c <__bad_interrupt>

00000068 <__ctors_end>:
  68:	11 24       	eor	r1, r1
  6a:	1f be       	out	0x3f, r1	; 63
  6c:	cf ef       	ldi	r28, 0xFF	; 255
  6e:	d8 e0       	ldi	r29, 0x08	; 8
  70:	de bf       	out	0x3e, r29	; 62
  72:	cd bf       	out	0x3d, r28	; 61

00000074 <__do_clear_bss>:
  74:	21 e0       	ldi	r18, 0x01	; 1
  76:	a0 e0       	ldi	r26, 0x00	; 0
  78:	b1 e0       	ldi	r27, 0x01	; 1
  7a:	01 c0       	rjmp	.+2      	; 0x7e <.do_clear_bss_start>

0000007c <.do_clear_bss_loop>:
  7c:	1d 92       	st	X+, r1

0000007e <.do_clear_bss_start>:
  7e:	a1 32       	cpi	r26, 0x21	; 33
  80:	b2 07       	cpc	r27, r18
  82:	e1 f7       	brne	.-8      	; 0x7c <.do_clear_bss_loop>
  84:	0e 94 88 01 	call	0x310	; 0x310 <main>
  88:	0c 94 f3 01 	jmp	0x3e6	; 0x3e6 <_exit>

0000008c <__bad_interrupt>:
  8c:	0c 94 00 00 	jmp	0	; 0x0 <__vectors>

00000090 <ioinit>:

Pin millis_led, micros_led, common_led;

void ioinit(void)
{
    millis;
  90:	80 91 1d 01 	lds	r24, 0x011D	; 0x80011d <millis>
  94:	90 91 1e 01 	lds	r25, 0x011E	; 0x80011e <millis+0x1>
  98:	a0 91 1f 01 	lds	r26, 0x011F	; 0x80011f <millis+0x2>
  9c:	b0 91 20 01 	lds	r27, 0x0120	; 0x800120 <millis+0x3>
    /*
    GPIO
    */
    millis_led.port = &MILLIS_LED_PORT;
  a0:	eb e0       	ldi	r30, 0x0B	; 11
  a2:	f1 e0       	ldi	r31, 0x01	; 1
  a4:	2b e2       	ldi	r18, 0x2B	; 43
  a6:	30 e0       	ldi	r19, 0x00	; 0
  a8:	33 83       	std	Z+3, r19	; 0x03
  aa:	22 83       	std	Z+2, r18	; 0x02
    millis_led.ddr = &MILLIS_LED_DDR;
  ac:	8a e2       	ldi	r24, 0x2A	; 42
  ae:	90 e0       	ldi	r25, 0x00	; 0
  b0:	91 83       	std	Z+1, r25	; 0x01
  b2:	80 83       	st	Z, r24
    millis_led.pin_num = MILLIS_LED_PIN;
  b4:	44 e0       	ldi	r20, 0x04	; 4
  b6:	46 83       	std	Z+6, r20	; 0x06
    micros_led.port = &MICROS_LED_PORT;
  b8:	e0 e0       	ldi	r30, 0x00	; 0
  ba:	f1 e0       	ldi	r31, 0x01	; 1
  bc:	33 83       	std	Z+3, r19	; 0x03
  be:	22 83       	std	Z+2, r18	; 0x02
    micros_led.ddr = &MICROS_LED_DDR;
  c0:	91 83       	std	Z+1, r25	; 0x01
  c2:	80 83       	st	Z, r24
    micros_led.pin_num = MICROS_LED_PIN;
  c4:	85 e0       	ldi	r24, 0x05	; 5
  c6:	86 83       	std	Z+6, r24	; 0x06
    common_led.port = &COMMON_LED_PORT;
  c8:	e2 e1       	ldi	r30, 0x12	; 18
  ca:	f1 e0       	ldi	r31, 0x01	; 1
  cc:	85 e2       	ldi	r24, 0x25	; 37
  ce:	90 e0       	ldi	r25, 0x00	; 0
  d0:	93 83       	std	Z+3, r25	; 0x03
  d2:	82 83       	std	Z+2, r24	; 0x02
    common_led.ddr = &COMMON_LED_DDR;
  d4:	84 e2       	ldi	r24, 0x24	; 36
  d6:	90 e0       	ldi	r25, 0x00	; 0
  d8:	91 83       	std	Z+1, r25	; 0x01
  da:	80 83       	st	Z, r24
    common_led.pin_num = COMMON_LED_PIN;
  dc:	16 82       	std	Z+6, r1	; 0x06

    gpio_set_pin_output(&millis_led);
  de:	8b e0       	ldi	r24, 0x0B	; 11
  e0:	91 e0       	ldi	r25, 0x01	; 1
  e2:	0e 94 87 00 	call	0x10e	; 0x10e <gpio_set_pin_output>
    gpio_set_pin_output(&micros_led);
  e6:	80 e0       	ldi	r24, 0x00	; 0
  e8:	91 e0       	ldi	r25, 0x01	; 1
  ea:	0e 94 87 00 	call	0x10e	; 0x10e <gpio_set_pin_output>
    gpio_set_pin_output(&common_led);
  ee:	82 e1       	ldi	r24, 0x12	; 18
  f0:	91 e0       	ldi	r25, 0x01	; 1
  f2:	0e 94 87 00 	call	0x10e	; 0x10e <gpio_set_pin_output>
    gpio_set_pin_low(&common_led);
  f6:	82 e1       	ldi	r24, 0x12	; 18
  f8:	91 e0       	ldi	r25, 0x01	; 1
  fa:	0e 94 f5 00 	call	0x1ea	; 0x1ea <gpio_set_pin_low>
    gpio_set_pin_high(&millis_led);
  fe:	8b e0       	ldi	r24, 0x0B	; 11
 100:	91 e0       	ldi	r25, 0x01	; 1
 102:	0e 94 e3 00 	call	0x1c6	; 0x1c6 <gpio_set_pin_high>
    gpio_set_pin_high(&micros_led);
 106:	80 e0       	ldi	r24, 0x00	; 0
 108:	91 e0       	ldi	r25, 0x01	; 1
 10a:	0c 94 e3 00 	jmp	0x1c6	; 0x1c6 <gpio_set_pin_high>

0000010e <gpio_set_pin_output>:
#include "gpio.h"

void gpio_set_pin_output(Pin *pin)
{
 10e:	dc 01       	movw	r26, r24
    *pin->ddr |= _BV(pin->pin_num);
 110:	ed 91       	ld	r30, X+
 112:	fc 91       	ld	r31, X
 114:	11 97       	sbiw	r26, 0x01	; 1
 116:	90 81       	ld	r25, Z
 118:	16 96       	adiw	r26, 0x06	; 6
 11a:	8c 91       	ld	r24, X
 11c:	21 e0       	ldi	r18, 0x01	; 1
 11e:	30 e0       	ldi	r19, 0x00	; 0
 120:	01 c0       	rjmp	.+2      	; 0x124 <gpio_set_pin_output+0x16>
 122:	22 0f       	add	r18, r18
 124:	8a 95       	dec	r24
 126:	ea f7       	brpl	.-6      	; 0x122 <gpio_set_pin_output+0x14>
 128:	89 2f       	mov	r24, r25
 12a:	82 2b       	or	r24, r18
 12c:	80 83       	st	Z, r24
}
 12e:	08 95       	ret

00000130 <gpio_set_pin_input>:

void gpio_set_pin_input(Pin *pin)
{
 130:	dc 01       	movw	r26, r24
    *pin->ddr &= ~_BV(pin->pin_num);
 132:	ed 91       	ld	r30, X+
 134:	fc 91       	ld	r31, X
 136:	11 97       	sbiw	r26, 0x01	; 1
 138:	20 81       	ld	r18, Z
 13a:	16 96       	adiw	r26, 0x06	; 6
 13c:	3c 91       	ld	r19, X
 13e:	81 e0       	ldi	r24, 0x01	; 1
 140:	90 e0       	ldi	r25, 0x00	; 0
 142:	01 c0       	rjmp	.+2      	; 0x146 <gpio_set_pin_input+0x16>
 144:	88 0f       	add	r24, r24
 146:	3a 95       	dec	r19
 148:	ea f7       	brpl	.-6      	; 0x144 <gpio_set_pin_input+0x14>
 14a:	80 95       	com	r24
 14c:	82 23       	and	r24, r18
 14e:	80 83       	st	Z, r24
}
 150:	08 95       	ret

00000152 <gpio_toggle_pin_mode>:

void gpio_toggle_pin_mode(Pin *pin)
{
 152:	dc 01       	movw	r26, r24
    *pin->ddr ^= _BV(pin->pin_num);
 154:	ed 91       	ld	r30, X+
 156:	fc 91       	ld	r31, X
 158:	11 97       	sbiw	r26, 0x01	; 1
 15a:	90 81       	ld	r25, Z
 15c:	16 96       	adiw	r26, 0x06	; 6
 15e:	8c 91       	ld	r24, X
 160:	21 e0       	ldi	r18, 0x01	; 1
 162:	30 e0       	ldi	r19, 0x00	; 0
 164:	01 c0       	rjmp	.+2      	; 0x168 <gpio_toggle_pin_mode+0x16>
 166:	22 0f       	add	r18, r18
 168:	8a 95       	dec	r24
 16a:	ea f7       	brpl	.-6      	; 0x166 <gpio_toggle_pin_mode+0x14>
 16c:	89 2f       	mov	r24, r25
 16e:	82 27       	eor	r24, r18
 170:	80 83       	st	Z, r24
}
 172:	08 95       	ret

00000174 <gpio_read_pin>:

uint8_t gpio_read_pin(Pin *pin)
{
    if (*pin->pin & _BV(pin->pin_num))
 174:	dc 01       	movw	r26, r24
 176:	14 96       	adiw	r26, 0x04	; 4
 178:	ed 91       	ld	r30, X+
 17a:	fc 91       	ld	r31, X
 17c:	15 97       	sbiw	r26, 0x05	; 5
 17e:	20 81       	ld	r18, Z
 180:	30 e0       	ldi	r19, 0x00	; 0
 182:	16 96       	adiw	r26, 0x06	; 6
 184:	8c 91       	ld	r24, X
 186:	f9 01       	movw	r30, r18
 188:	02 c0       	rjmp	.+4      	; 0x18e <gpio_read_pin+0x1a>
 18a:	f5 95       	asr	r31
 18c:	e7 95       	ror	r30
 18e:	8a 95       	dec	r24
 190:	e2 f7       	brpl	.-8      	; 0x18a <gpio_read_pin+0x16>
 192:	cf 01       	movw	r24, r30
    }
    else
    {
        return 0;
    }
}
 194:	81 70       	andi	r24, 0x01	; 1
 196:	08 95       	ret

00000198 <gpio_set_pin_val>:
void gpio_set_pin_val(Pin *pin, uint8_t value)
{
 198:	dc 01       	movw	r26, r24
 19a:	12 96       	adiw	r26, 0x02	; 2
 19c:	ed 91       	ld	r30, X+
 19e:	fc 91       	ld	r31, X
 1a0:	13 97       	sbiw	r26, 0x03	; 3
 1a2:	16 96       	adiw	r26, 0x06	; 6
 1a4:	2c 91       	ld	r18, X
 1a6:	81 e0       	ldi	r24, 0x01	; 1
 1a8:	90 e0       	ldi	r25, 0x00	; 0
 1aa:	01 c0       	rjmp	.+2      	; 0x1ae <gpio_set_pin_val+0x16>
 1ac:	88 0f       	add	r24, r24
 1ae:	2a 95       	dec	r18
 1b0:	ea f7       	brpl	.-6      	; 0x1ac <gpio_set_pin_val+0x14>
    }
}

void gpio_set_pin_high(Pin *pin)
{
    *pin->port |= _BV(pin->pin_num);
 1b2:	90 81       	ld	r25, Z
        return 0;
    }
}
void gpio_set_pin_val(Pin *pin, uint8_t value)
{
    if (value)
 1b4:	61 11       	cpse	r22, r1
 1b6:	04 c0       	rjmp	.+8      	; 0x1c0 <gpio_set_pin_val+0x28>
    *pin->port |= _BV(pin->pin_num);
}

void gpio_set_pin_low(Pin *pin)
{
    *pin->port &= ~_BV(pin->pin_num);
 1b8:	80 95       	com	r24
 1ba:	89 23       	and	r24, r25
 1bc:	80 83       	st	Z, r24
    }
    else
    {
        gpio_set_pin_low(pin);
    }
}
 1be:	08 95       	ret

void gpio_set_pin_high(Pin *pin)
{
    *pin->port |= _BV(pin->pin_num);
 1c0:	89 2b       	or	r24, r25
 1c2:	80 83       	st	Z, r24
 1c4:	08 95       	ret

000001c6 <gpio_set_pin_high>:
        gpio_set_pin_low(pin);
    }
}

void gpio_set_pin_high(Pin *pin)
{
 1c6:	dc 01       	movw	r26, r24
    *pin->port |= _BV(pin->pin_num);
 1c8:	12 96       	adiw	r26, 0x02	; 2
 1ca:	ed 91       	ld	r30, X+
 1cc:	fc 91       	ld	r31, X
 1ce:	13 97       	sbiw	r26, 0x03	; 3
 1d0:	90 81       	ld	r25, Z
 1d2:	16 96       	adiw	r26, 0x06	; 6
 1d4:	8c 91       	ld	r24, X
 1d6:	21 e0       	ldi	r18, 0x01	; 1
 1d8:	30 e0       	ldi	r19, 0x00	; 0
 1da:	01 c0       	rjmp	.+2      	; 0x1de <gpio_set_pin_high+0x18>
 1dc:	22 0f       	add	r18, r18
 1de:	8a 95       	dec	r24
 1e0:	ea f7       	brpl	.-6      	; 0x1dc <gpio_set_pin_high+0x16>
 1e2:	89 2f       	mov	r24, r25
 1e4:	82 2b       	or	r24, r18
 1e6:	80 83       	st	Z, r24
}
 1e8:	08 95       	ret

000001ea <gpio_set_pin_low>:

void gpio_set_pin_low(Pin *pin)
{
 1ea:	dc 01       	movw	r26, r24
    *pin->port &= ~_BV(pin->pin_num);
 1ec:	12 96       	adiw	r26, 0x02	; 2
 1ee:	ed 91       	ld	r30, X+
 1f0:	fc 91       	ld	r31, X
 1f2:	13 97       	sbiw	r26, 0x03	; 3
 1f4:	20 81       	ld	r18, Z
 1f6:	16 96       	adiw	r26, 0x06	; 6
 1f8:	3c 91       	ld	r19, X
 1fa:	81 e0       	ldi	r24, 0x01	; 1
 1fc:	90 e0       	ldi	r25, 0x00	; 0
 1fe:	01 c0       	rjmp	.+2      	; 0x202 <gpio_set_pin_low+0x18>
 200:	88 0f       	add	r24, r24
 202:	3a 95       	dec	r19
 204:	ea f7       	brpl	.-6      	; 0x200 <gpio_set_pin_low+0x16>
 206:	80 95       	com	r24
 208:	82 23       	and	r24, r18
 20a:	80 83       	st	Z, r24
}
 20c:	08 95       	ret

0000020e <gpio_toggle_pin_output>:

void gpio_toggle_pin_output(Pin *pin)
{
 20e:	dc 01       	movw	r26, r24
    *pin->port ^= _BV(pin->pin_num);
 210:	12 96       	adiw	r26, 0x02	; 2
 212:	ed 91       	ld	r30, X+
 214:	fc 91       	ld	r31, X
 216:	13 97       	sbiw	r26, 0x03	; 3
 218:	90 81       	ld	r25, Z
 21a:	16 96       	adiw	r26, 0x06	; 6
 21c:	8c 91       	ld	r24, X
 21e:	21 e0       	ldi	r18, 0x01	; 1
 220:	30 e0       	ldi	r19, 0x00	; 0
 222:	01 c0       	rjmp	.+2      	; 0x226 <gpio_toggle_pin_output+0x18>
 224:	22 0f       	add	r18, r18
 226:	8a 95       	dec	r24
 228:	ea f7       	brpl	.-6      	; 0x224 <gpio_toggle_pin_output+0x16>
 22a:	89 2f       	mov	r24, r25
 22c:	82 27       	eor	r24, r18
 22e:	80 83       	st	Z, r24
 230:	08 95       	ret

00000232 <__vector_14>:

/**
 * ISR TIMER0_COMPA_VECT runs every 1ms
 */
ISR(TIMER0_COMPA_vect)
{
 232:	1f 92       	push	r1
 234:	0f 92       	push	r0
 236:	0f b6       	in	r0, 0x3f	; 63
 238:	0f 92       	push	r0
 23a:	11 24       	eor	r1, r1
 23c:	8f 93       	push	r24
 23e:	9f 93       	push	r25
 240:	af 93       	push	r26
 242:	bf 93       	push	r27
    millis++;
 244:	80 91 1d 01 	lds	r24, 0x011D	; 0x80011d <millis>
 248:	90 91 1e 01 	lds	r25, 0x011E	; 0x80011e <millis+0x1>
 24c:	a0 91 1f 01 	lds	r26, 0x011F	; 0x80011f <millis+0x2>
 250:	b0 91 20 01 	lds	r27, 0x0120	; 0x800120 <millis+0x3>
 254:	01 96       	adiw	r24, 0x01	; 1
 256:	a1 1d       	adc	r26, r1
 258:	b1 1d       	adc	r27, r1
 25a:	80 93 1d 01 	sts	0x011D, r24	; 0x80011d <millis>
 25e:	90 93 1e 01 	sts	0x011E, r25	; 0x80011e <millis+0x1>
 262:	a0 93 1f 01 	sts	0x011F, r26	; 0x80011f <millis+0x2>
 266:	b0 93 20 01 	sts	0x0120, r27	; 0x800120 <millis+0x3>
}
 26a:	bf 91       	pop	r27
 26c:	af 91       	pop	r26
 26e:	9f 91       	pop	r25
 270:	8f 91       	pop	r24
 272:	0f 90       	pop	r0
 274:	0f be       	out	0x3f, r0	; 63
 276:	0f 90       	pop	r0
 278:	1f 90       	pop	r1
 27a:	18 95       	reti

0000027c <init_millis_timer>:
    // TCCR0B = 0x00;
    // TCCR0B |= _BV(CS01) | _BV(CS00);
    // TIMSK0 |= _BV(TOIE0);
    // sei();

    TCCR0A = 0x00;
 27c:	14 bc       	out	0x24, r1	; 36
    TCCR0B = 0x00;
 27e:	15 bc       	out	0x25, r1	; 37

    // WGM0 = 0b010, CTC mode
    // COM0A = 0b00, COM0B = 0b00, normal port operation
    TCCR0A |= _BV(WGM01);
 280:	84 b5       	in	r24, 0x24	; 36
 282:	82 60       	ori	r24, 0x02	; 2
 284:	84 bd       	out	0x24, r24	; 36
    // CS0 = 0b011, prescaler 64
    // each tick is 4 us
    TCCR0B |= _BV(CS01) | _BV(CS00);
 286:	85 b5       	in	r24, 0x25	; 37
 288:	83 60       	ori	r24, 0x03	; 3
 28a:	85 bd       	out	0x25, r24	; 37
    // TCNT0
    OCR0A = 249;
 28c:	89 ef       	ldi	r24, 0xF9	; 249
 28e:	87 bd       	out	0x27, r24	; 39
    OCR0B = 0;
 290:	18 bc       	out	0x28, r1	; 40
    // OCIE0B = 0b1, OCIE0A = 0b1
    TIMSK0 |= _BV(OCIE0A);
 292:	ee e6       	ldi	r30, 0x6E	; 110
 294:	f0 e0       	ldi	r31, 0x00	; 0
 296:	80 81       	ld	r24, Z
 298:	82 60       	ori	r24, 0x02	; 2
 29a:	80 83       	st	Z, r24
    // TIMSK0 |= _BV(OCIE0B);
    // TIMSK0
    // TIFR0
    sei();
 29c:	78 94       	sei
}
 29e:	08 95       	ret

000002a0 <get_millis>:
 * @brief get current milliseconds since boot
 */
uint32_t get_millis(void)
{
    uint32_t m;
    ATOMIC_BLOCK(ATOMIC_RESTORESTATE)
 2a0:	2f b7       	in	r18, 0x3f	; 63
    return 1;
}

static __inline__ uint8_t __iCliRetVal(void)
{
    cli();
 2a2:	f8 94       	cli
    {
        m = millis;
 2a4:	60 91 1d 01 	lds	r22, 0x011D	; 0x80011d <millis>
 2a8:	70 91 1e 01 	lds	r23, 0x011E	; 0x80011e <millis+0x1>
 2ac:	80 91 1f 01 	lds	r24, 0x011F	; 0x80011f <millis+0x2>
 2b0:	90 91 20 01 	lds	r25, 0x0120	; 0x800120 <millis+0x3>
    (void)__s;
}

static __inline__ void __iRestore(const  uint8_t *__s)
{
    SREG = *__s;
 2b4:	2f bf       	out	0x3f, r18	; 63
    }
    return m;
}
 2b6:	08 95       	ret

000002b8 <get_micros>:
 2b8:	0f 93       	push	r16
 2ba:	1f 93       	push	r17
 2bc:	8f b7       	in	r24, 0x3f	; 63
 2be:	f8 94       	cli
 2c0:	20 91 1d 01 	lds	r18, 0x011D	; 0x80011d <millis>
 2c4:	30 91 1e 01 	lds	r19, 0x011E	; 0x80011e <millis+0x1>
 2c8:	40 91 1f 01 	lds	r20, 0x011F	; 0x80011f <millis+0x2>
 2cc:	50 91 20 01 	lds	r21, 0x0120	; 0x800120 <millis+0x3>
 2d0:	e6 b5       	in	r30, 0x26	; 38
 2d2:	a9 9b       	sbis	0x15, 1	; 21
 2d4:	06 c0       	rjmp	.+12     	; 0x2e2 <get_micros+0x2a>
 2d6:	e9 3f       	cpi	r30, 0xF9	; 249
 2d8:	20 f4       	brcc	.+8      	; 0x2e2 <get_micros+0x2a>
 2da:	2f 5f       	subi	r18, 0xFF	; 255
 2dc:	3f 4f       	sbci	r19, 0xFF	; 255
 2de:	4f 4f       	sbci	r20, 0xFF	; 255
 2e0:	5f 4f       	sbci	r21, 0xFF	; 255
 2e2:	78 94       	sei
 2e4:	8f bf       	out	0x3f, r24	; 63
 2e6:	a8 ee       	ldi	r26, 0xE8	; 232
 2e8:	b3 e0       	ldi	r27, 0x03	; 3
 2ea:	0e 94 d9 01 	call	0x3b2	; 0x3b2 <__muluhisi3>
 2ee:	2e 2f       	mov	r18, r30
 2f0:	30 e0       	ldi	r19, 0x00	; 0
 2f2:	22 0f       	add	r18, r18
 2f4:	33 1f       	adc	r19, r19
 2f6:	22 0f       	add	r18, r18
 2f8:	33 1f       	adc	r19, r19
 2fa:	89 01       	movw	r16, r18
 2fc:	33 0f       	add	r19, r19
 2fe:	22 0b       	sbc	r18, r18
 300:	33 0b       	sbc	r19, r19
 302:	60 0f       	add	r22, r16
 304:	71 1f       	adc	r23, r17
 306:	82 1f       	adc	r24, r18
 308:	93 1f       	adc	r25, r19
 30a:	1f 91       	pop	r17
 30c:	0f 91       	pop	r16
 30e:	08 95       	ret

00000310 <main>:
    // gpio_set_pin_low(&micros_led);
}

int main()
{
    ioinit();
 310:	0e 94 48 00 	call	0x90	; 0x90 <ioinit>
    init_millis_timer();
 314:	0e 94 3e 01 	call	0x27c	; 0x27c <init_millis_timer>
 318:	15 c0       	rjmp	.+42     	; 0x344 <main+0x34>
        {
            prevMillis = t_millis;
            gpio_toggle_pin_output(&millis_led);
        }

        if (t_micros - prevMicros >= 250000)
 31a:	80 91 19 01 	lds	r24, 0x0119	; 0x800119 <prevMicros>
 31e:	90 91 1a 01 	lds	r25, 0x011A	; 0x80011a <prevMicros+0x1>
 322:	a0 91 1b 01 	lds	r26, 0x011B	; 0x80011b <prevMicros+0x2>
 326:	b0 91 1c 01 	lds	r27, 0x011C	; 0x80011c <prevMicros+0x3>
 32a:	a5 01       	movw	r20, r10
 32c:	94 01       	movw	r18, r8
 32e:	28 1b       	sub	r18, r24
 330:	39 0b       	sbc	r19, r25
 332:	4a 0b       	sbc	r20, r26
 334:	5b 0b       	sbc	r21, r27
 336:	da 01       	movw	r26, r20
 338:	c9 01       	movw	r24, r18
 33a:	80 39       	cpi	r24, 0x90	; 144
 33c:	90 4d       	sbci	r25, 0xD0	; 208
 33e:	a3 40       	sbci	r26, 0x03	; 3
 340:	b1 05       	cpc	r27, r1
 342:	50 f5       	brcc	.+84     	; 0x398 <main+0x88>

    while (1)
    {
        //
        //
        uint32_t t_millis = get_millis();
 344:	0e 94 50 01 	call	0x2a0	; 0x2a0 <get_millis>
 348:	6b 01       	movw	r12, r22
 34a:	7c 01       	movw	r14, r24
        uint32_t t_micros = get_micros();
 34c:	0e 94 5c 01 	call	0x2b8	; 0x2b8 <get_micros>
 350:	4b 01       	movw	r8, r22
 352:	5c 01       	movw	r10, r24

        //
        if (t_millis - prevMillis >= 500)
 354:	80 91 07 01 	lds	r24, 0x0107	; 0x800107 <prevMillis>
 358:	90 91 08 01 	lds	r25, 0x0108	; 0x800108 <prevMillis+0x1>
 35c:	a0 91 09 01 	lds	r26, 0x0109	; 0x800109 <prevMillis+0x2>
 360:	b0 91 0a 01 	lds	r27, 0x010A	; 0x80010a <prevMillis+0x3>
 364:	a7 01       	movw	r20, r14
 366:	96 01       	movw	r18, r12
 368:	28 1b       	sub	r18, r24
 36a:	39 0b       	sbc	r19, r25
 36c:	4a 0b       	sbc	r20, r26
 36e:	5b 0b       	sbc	r21, r27
 370:	da 01       	movw	r26, r20
 372:	c9 01       	movw	r24, r18
 374:	84 3f       	cpi	r24, 0xF4	; 244
 376:	91 40       	sbci	r25, 0x01	; 1
 378:	a1 05       	cpc	r26, r1
 37a:	b1 05       	cpc	r27, r1
 37c:	70 f2       	brcs	.-100    	; 0x31a <main+0xa>
        {
            prevMillis = t_millis;
 37e:	c0 92 07 01 	sts	0x0107, r12	; 0x800107 <prevMillis>
 382:	d0 92 08 01 	sts	0x0108, r13	; 0x800108 <prevMillis+0x1>
 386:	e0 92 09 01 	sts	0x0109, r14	; 0x800109 <prevMillis+0x2>
 38a:	f0 92 0a 01 	sts	0x010A, r15	; 0x80010a <prevMillis+0x3>
            gpio_toggle_pin_output(&millis_led);
 38e:	8b e0       	ldi	r24, 0x0B	; 11
 390:	91 e0       	ldi	r25, 0x01	; 1
 392:	0e 94 07 01 	call	0x20e	; 0x20e <gpio_toggle_pin_output>
 396:	c1 cf       	rjmp	.-126    	; 0x31a <main+0xa>
        }

        if (t_micros - prevMicros >= 250000)
        {
            prevMicros = t_micros;
 398:	80 92 19 01 	sts	0x0119, r8	; 0x800119 <prevMicros>
 39c:	90 92 1a 01 	sts	0x011A, r9	; 0x80011a <prevMicros+0x1>
 3a0:	a0 92 1b 01 	sts	0x011B, r10	; 0x80011b <prevMicros+0x2>
 3a4:	b0 92 1c 01 	sts	0x011C, r11	; 0x80011c <prevMicros+0x3>
            gpio_toggle_pin_output(&micros_led);
 3a8:	80 e0       	ldi	r24, 0x00	; 0
 3aa:	91 e0       	ldi	r25, 0x01	; 1
 3ac:	0e 94 07 01 	call	0x20e	; 0x20e <gpio_toggle_pin_output>
 3b0:	c9 cf       	rjmp	.-110    	; 0x344 <main+0x34>

000003b2 <__muluhisi3>:
 3b2:	0e 94 e4 01 	call	0x3c8	; 0x3c8 <__umulhisi3>
 3b6:	a5 9f       	mul	r26, r21
 3b8:	90 0d       	add	r25, r0
 3ba:	b4 9f       	mul	r27, r20
 3bc:	90 0d       	add	r25, r0
 3be:	a4 9f       	mul	r26, r20
 3c0:	80 0d       	add	r24, r0
 3c2:	91 1d       	adc	r25, r1
 3c4:	11 24       	eor	r1, r1
 3c6:	08 95       	ret

000003c8 <__umulhisi3>:
 3c8:	a2 9f       	mul	r26, r18
 3ca:	b0 01       	movw	r22, r0
 3cc:	b3 9f       	mul	r27, r19
 3ce:	c0 01       	movw	r24, r0
 3d0:	a3 9f       	mul	r26, r19
 3d2:	70 0d       	add	r23, r0
 3d4:	81 1d       	adc	r24, r1
 3d6:	11 24       	eor	r1, r1
 3d8:	91 1d       	adc	r25, r1
 3da:	b2 9f       	mul	r27, r18
 3dc:	70 0d       	add	r23, r0
 3de:	81 1d       	adc	r24, r1
 3e0:	11 24       	eor	r1, r1
 3e2:	91 1d       	adc	r25, r1
 3e4:	08 95       	ret

000003e6 <_exit>:
 3e6:	f8 94       	cli

000003e8 <__stop_program>:
 3e8:	ff cf       	rjmp	.-2      	; 0x3e8 <__stop_program>
